<?xml version="1.0" encoding="UTF-8"?>
<!-- Generated by org.testng.reporters.JUnitXMLReporter -->
<testsuite hostname="DESKTOP-B4CGF5L" ignored="15" name="Test" tests="6" failures="1" timestamp="25 May 2018 11:54:48 GMT" time="134.782" errors="0">
  <testcase name="testAutoLoginLogout" time="0.011" classname="com.hrm.scripts.LoginLogoutTest"/>
  <testcase name="importEmployeeCSVFile" time="19.611" classname="com.hrm.scripts.ImportCSV">
    <failure type="java.lang.AssertionError" message="null">
      <![CDATA[java.lang.AssertionError: null
at com.hrm.base.BasePage.verifyElementIsNotPresent(BasePage.java:81)
at com.hrm.pages.EmpInfoPage.verifyEmpNotPresent(EmpInfoPage.java:99)
at com.hrm.scripts.ImportCSV.importEmployeeCSVFile(ImportCSV.java:26)
... Removed 27 stack frames]]>
    </failure>
  </testcase> <!-- importEmployeeCSVFile -->
  <testcase name="testJobTitle" time="2.593" classname="com.hrm.scripts.TestJobTitle"/>
  <testcase name="testSearchBtn" time="2.422" classname="com.hrm.scripts.TestSearchBtn"/>
  <testcase name="testCreateDeleteEmp" time="30.972" classname="com.hrm.scripts.CreateDeleteEmp"/>
  <testcase name="testCreateDeleteMultipleEmp" time="7.413" classname="com.hrm.scripts.CreateDeleteMultipleEmp"/>
  <testcase name="@BeforeSuite initReport" time="0.0" classname="com.hrm.base.BaseTest">
    <ignored/>
  </testcase> <!-- @BeforeSuite initReport -->
  <testcase name="@BeforeSuite initReport" time="0.0" classname="com.hrm.base.BaseTest">
    <ignored/>
  </testcase> <!-- @BeforeSuite initReport -->
  <testcase name="@BeforeSuite initReport" time="0.0" classname="com.hrm.base.BaseTest">
    <ignored/>
  </testcase> <!-- @BeforeSuite initReport -->
  <testcase name="@BeforeSuite initReport" time="0.0" classname="com.hrm.base.BaseTest">
    <ignored/>
  </testcase> <!-- @BeforeSuite initReport -->
  <testcase name="@BeforeSuite initReport" time="0.0" classname="com.hrm.base.BaseTest">
    <ignored/>
  </testcase> <!-- @BeforeSuite initReport -->
  <testcase name="@BeforeTest initGlobalVar" time="0.0" classname="com.hrm.base.BaseTest">
    <ignored/>
  </testcase> <!-- @BeforeTest initGlobalVar -->
  <testcase name="@BeforeTest initGlobalVar" time="0.0" classname="com.hrm.base.BaseTest">
    <ignored/>
  </testcase> <!-- @BeforeTest initGlobalVar -->
  <testcase name="@BeforeTest initGlobalVar" time="0.0" classname="com.hrm.base.BaseTest">
    <ignored/>
  </testcase> <!-- @BeforeTest initGlobalVar -->
  <testcase name="@BeforeTest initGlobalVar" time="0.0" classname="com.hrm.base.BaseTest">
    <ignored/>
  </testcase> <!-- @BeforeTest initGlobalVar -->
  <testcase name="@BeforeTest initGlobalVar" time="0.0" classname="com.hrm.base.BaseTest">
    <ignored/>
  </testcase> <!-- @BeforeTest initGlobalVar -->
  <testcase name="@AfterSuite publishReport" time="0.0" classname="com.hrm.base.BaseTest">
    <ignored/>
  </testcase> <!-- @AfterSuite publishReport -->
  <testcase name="@AfterSuite publishReport" time="0.0" classname="com.hrm.base.BaseTest">
    <ignored/>
  </testcase> <!-- @AfterSuite publishReport -->
  <testcase name="@AfterSuite publishReport" time="0.0" classname="com.hrm.base.BaseTest">
    <ignored/>
  </testcase> <!-- @AfterSuite publishReport -->
  <testcase name="@AfterSuite publishReport" time="0.0" classname="com.hrm.base.BaseTest">
    <ignored/>
  </testcase> <!-- @AfterSuite publishReport -->
  <testcase name="@AfterSuite publishReport" time="0.0" classname="com.hrm.base.BaseTest">
    <ignored/>
  </testcase> <!-- @AfterSuite publishReport -->
</testsuite> <!-- Test -->
