<?xml version="1.0" encoding="UTF-8"?>
<!-- Generated by org.testng.reporters.JUnitXMLReporter -->
<testsuite hostname="Nagaraju" ignored="12" name="Test(failed)" tests="1" failures="1" timestamp="25 Feb 2017 14:36:09 GMT" time="12.589" errors="0">
  <testcase name="testInlcudeList" time="1.591" classname="com.hrm.scripts.TestInlcudeList">
    <failure type="java.lang.AssertionError" message="ListBox is Not Sorted expected [true] but found [false]">
      <![CDATA[java.lang.AssertionError: ListBox is Not Sorted expected [true] but found [false]
	at com.hrm.base.BasePage.verifyListBoxIsSorted(BasePage.java:54)
	at com.hrm.pages.EmpInfoPage.verifyIncludeListBoxIsSorted(EmpInfoPage.java:72)
	at com.hrm.scripts.TestInlcudeList.testInlcudeList(TestInlcudeList.java:19)
	at java.util.concurrent.ThreadPoolExecutor.runWorker(ThreadPoolExecutor.java:1142)
	at java.util.concurrent.ThreadPoolExecutor$Worker.run(ThreadPoolExecutor.java:617)
	at java.lang.Thread.run(Thread.java:745)
... Removed 13 stack frames]]>
    </failure>
  </testcase> <!-- testInlcudeList -->
  <testcase name="@BeforeSuite initReport" time="0.0" classname="com.hrm.base.BaseTest">
    <ignored/>
  </testcase> <!-- @BeforeSuite initReport -->
  <testcase name="@BeforeSuite initReport" time="0.0" classname="com.hrm.base.BaseTest">
    <ignored/>
  </testcase> <!-- @BeforeSuite initReport -->
  <testcase name="@BeforeSuite initReport" time="0.0" classname="com.hrm.base.BaseTest">
    <ignored/>
  </testcase> <!-- @BeforeSuite initReport -->
  <testcase name="testJobTitle" time="0.0" classname="com.hrm.scripts.TestJobTitle">
    <ignored/>
  </testcase> <!-- testJobTitle -->
  <testcase name="testAutoLoginLogout" time="0.0" classname="com.hrm.scripts.LoginLogoutTest">
    <ignored/>
  </testcase> <!-- testAutoLoginLogout -->
  <testcase name="testSearchButton" time="0.0" classname="com.hrm.scripts.TestSearchButton">
    <ignored/>
  </testcase> <!-- testSearchButton -->
  <testcase name="@AfterSuite publishReport" time="0.0" classname="com.hrm.base.BaseTest">
    <ignored/>
  </testcase> <!-- @AfterSuite publishReport -->
  <testcase name="@AfterSuite publishReport" time="0.0" classname="com.hrm.base.BaseTest">
    <ignored/>
  </testcase> <!-- @AfterSuite publishReport -->
  <testcase name="@AfterSuite publishReport" time="0.0" classname="com.hrm.base.BaseTest">
    <ignored/>
  </testcase> <!-- @AfterSuite publishReport -->
  <testcase name="@BeforeTest initGlobalVar" time="0.0" classname="com.hrm.base.BaseTest">
    <ignored/>
  </testcase> <!-- @BeforeTest initGlobalVar -->
  <testcase name="@BeforeTest initGlobalVar" time="0.0" classname="com.hrm.base.BaseTest">
    <ignored/>
  </testcase> <!-- @BeforeTest initGlobalVar -->
  <testcase name="@BeforeTest initGlobalVar" time="0.0" classname="com.hrm.base.BaseTest">
    <ignored/>
  </testcase> <!-- @BeforeTest initGlobalVar -->
</testsuite> <!-- Test(failed) -->
